\BOOKMARK [1][-]{section.1}{\376\377\000C\000a\000p\000i\000t\000o\000l\000a\000t\000o\000\040\000s\000c\000e\000l\000t\000o\000:\000\040\000C\0002\000\040\000-\000\040\000E\000m\000p\000o\000r\000i\000o\000L\000a\000m\000b\000d\000a}{}% 1
\BOOKMARK [2][-]{subsection.1.1}{\376\377\000I\000n\000f\000o\000r\000m\000a\000i\000z\000o\000n\000i\000\040\000g\000e\000n\000a\000r\000l\000i}{section.1}% 2
\BOOKMARK [2][-]{subsection.1.2}{\376\377\000D\000e\000s\000c\000r\000i\000z\000i\000o\000n\000e\000\040\000d\000e\000l\000\040\000c\000a\000p\000i\000t\000o\000l\000a\000t\000o}{section.1}% 3
\BOOKMARK [2][-]{subsection.1.3}{\376\377\000F\000i\000n\000a\000l\000i\000t\000\340\000\040\000d\000e\000l\000\040\000p\000r\000o\000g\000e\000t\000t\000o}{section.1}% 4
\BOOKMARK [2][-]{subsection.1.4}{\376\377\000T\000e\000c\000n\000o\000l\000o\000g\000i\000e\000\040\000i\000n\000t\000e\000r\000e\000s\000s\000a\000t\000e}{section.1}% 5
\BOOKMARK [2][-]{subsection.1.5}{\376\377\000A\000s\000p\000e\000t\000t\000i\000\040\000p\000o\000s\000i\000t\000i\000v\000i}{section.1}% 6
\BOOKMARK [2][-]{subsection.1.6}{\376\377\000C\000r\000i\000t\000i\000c\000i\000t\000\340\000\040\000e\000\040\000f\000a\000t\000t\000o\000r\000i\000\040\000d\000i\000\040\000r\000i\000s\000c\000h\000i\000o}{section.1}% 7
\BOOKMARK [2][-]{subsection.1.7}{\376\377\000C\000o\000n\000c\000l\000u\000s\000i\000o\000n\000i}{section.1}% 8
\BOOKMARK [1][-]{section.2}{\376\377\000C\000a\000p\000i\000t\000o\000l\000a\000t\000o\000\040\000C\0001\000\040\000-\000\040\000B\000l\000o\000c\000k\000C\000O\000V\000I\000D}{}% 9
\BOOKMARK [2][-]{subsection.2.1}{\376\377\000I\000n\000f\000o\000r\000m\000a\000i\000z\000o\000n\000i\000\040\000g\000e\000n\000a\000r\000l\000i}{section.2}% 10
\BOOKMARK [2][-]{subsection.2.2}{\376\377\000D\000e\000s\000c\000r\000i\000z\000i\000o\000n\000e\000\040\000d\000e\000l\000\040\000c\000a\000p\000i\000t\000o\000l\000a\000t\000o}{section.2}% 11
\BOOKMARK [2][-]{subsection.2.3}{\376\377\000F\000i\000n\000a\000l\000i\000t\000\340\000\040\000d\000e\000l\000\040\000p\000r\000o\000g\000e\000t\000t\000o}{section.2}% 12
\BOOKMARK [2][-]{subsection.2.4}{\376\377\000T\000e\000c\000n\000o\000l\000o\000g\000i\000e\000\040\000i\000n\000t\000e\000r\000e\000s\000s\000a\000t\000e}{section.2}% 13
\BOOKMARK [2][-]{subsection.2.5}{\376\377\000A\000s\000p\000e\000t\000t\000i\000\040\000p\000o\000s\000i\000t\000i\000v\000i}{section.2}% 14
\BOOKMARK [2][-]{subsection.2.6}{\376\377\000C\000r\000i\000t\000i\000c\000i\000t\000\340\000\040\000e\000\040\000f\000a\000t\000t\000o\000r\000i\000\040\000d\000i\000\040\000r\000i\000s\000c\000h\000i\000o}{section.2}% 15
\BOOKMARK [2][-]{subsection.2.7}{\376\377\000C\000o\000n\000c\000l\000u\000s\000i\000o\000n\000i}{section.2}% 16
\BOOKMARK [1][-]{section.3}{\376\377\000C\000a\000p\000i\000t\000o\000l\000a\000t\000o\000\040\000C\0003\000\040\000-\000\040\000G\000a\000t\000h\000e\000r\000i\000n\000g\000\040\000D\000e\000t\000e\000c\000t\000i\000o\000n\000\040\000P\000l\000a\000t\000f\000o\000r\000m}{}% 17
\BOOKMARK [2][-]{subsection.3.1}{\376\377\000I\000n\000f\000o\000r\000m\000a\000i\000z\000o\000n\000i\000\040\000g\000e\000n\000a\000r\000l\000i}{section.3}% 18
\BOOKMARK [2][-]{subsection.3.2}{\376\377\000D\000e\000s\000c\000r\000i\000z\000i\000o\000n\000e\000\040\000d\000e\000l\000\040\000c\000a\000p\000i\000t\000o\000l\000a\000t\000o}{section.3}% 19
\BOOKMARK [2][-]{subsection.3.3}{\376\377\000F\000i\000n\000a\000l\000i\000t\000\340\000\040\000d\000e\000l\000\040\000p\000r\000o\000g\000e\000t\000t\000o}{section.3}% 20
\BOOKMARK [2][-]{subsection.3.4}{\376\377\000T\000e\000c\000n\000o\000l\000o\000g\000i\000e\000\040\000i\000n\000t\000e\000r\000e\000s\000s\000a\000t\000e}{section.3}% 21
\BOOKMARK [2][-]{subsection.3.5}{\376\377\000A\000s\000p\000e\000t\000t\000i\000\040\000p\000o\000s\000i\000t\000i\000v\000i}{section.3}% 22
\BOOKMARK [2][-]{subsection.3.6}{\376\377\000C\000r\000i\000t\000i\000c\000i\000t\000\340\000\040\000e\000\040\000f\000a\000t\000t\000o\000r\000i\000\040\000d\000i\000\040\000r\000i\000s\000c\000h\000i\000o}{section.3}% 23
\BOOKMARK [2][-]{subsection.3.7}{\376\377\000C\000o\000n\000c\000l\000u\000s\000i\000o\000n\000e}{section.3}% 24
\BOOKMARK [1][-]{section.4}{\376\377\000C\000a\000p\000i\000t\000o\000l\000a\000t\000o\000\040\000C\0004\000\040\000-\000\040\000H\000D\000\040\000V\000i\000z}{}% 25
\BOOKMARK [2][-]{subsection.4.1}{\376\377\000I\000n\000f\000o\000r\000m\000a\000z\000i\000o\000n\000i\000\040\000g\000e\000n\000e\000r\000a\000l\000i}{section.4}% 26
\BOOKMARK [2][-]{subsection.4.2}{\376\377\000D\000e\000s\000c\000r\000i\000z\000i\000o\000n\000e\000\040\000c\000a\000p\000i\000t\000o\000l\000a\000t\000o}{section.4}% 27
\BOOKMARK [2][-]{subsection.4.3}{\376\377\000F\000i\000n\000a\000l\000i\000t\000\340\000\040\000d\000e\000l\000\040\000p\000r\000o\000g\000e\000t\000t\000o}{section.4}% 28
\BOOKMARK [2][-]{subsection.4.4}{\376\377\000T\000e\000c\000n\000o\000l\000o\000g\000i\000e}{section.4}% 29
\BOOKMARK [2][-]{subsection.4.5}{\376\377\000A\000s\000p\000e\000t\000t\000i\000\040\000p\000o\000s\000i\000t\000i\000v\000i}{section.4}% 30
\BOOKMARK [2][-]{subsection.4.6}{\376\377\000A\000s\000p\000e\000t\000t\000i\000\040\000n\000e\000g\000a\000t\000i\000v\000i}{section.4}% 31
\BOOKMARK [2][-]{subsection.4.7}{\376\377\000C\000o\000n\000c\000l\000u\000s\000i\000o\000n\000i}{section.4}% 32
\BOOKMARK [1][-]{section.5}{\376\377\000C\000a\000p\000i\000t\000o\000l\000a\000t\000o\000\040\000C\0005\000\040\000-\000\040\000P\000O\000R\000T\000A\000C\000S}{}% 33
\BOOKMARK [2][-]{subsection.5.1}{\376\377\000I\000n\000f\000o\000r\000m\000a\000i\000z\000o\000n\000i\000\040\000g\000e\000n\000a\000r\000l\000i}{section.5}% 34
\BOOKMARK [2][-]{subsection.5.2}{\376\377\000D\000e\000s\000c\000r\000i\000z\000i\000o\000n\000e\000\040\000d\000e\000l\000\040\000c\000a\000p\000i\000t\000o\000l\000a\000t\000o}{section.5}% 35
\BOOKMARK [2][-]{subsection.5.3}{\376\377\000F\000i\000n\000a\000l\000i\000t\000\340\000\040\000d\000e\000l\000\040\000p\000r\000o\000g\000e\000t\000t\000o}{section.5}% 36
\BOOKMARK [2][-]{subsection.5.4}{\376\377\000T\000e\000c\000n\000o\000l\000o\000g\000i\000e\000\040\000i\000n\000t\000e\000r\000e\000s\000s\000a\000t\000e}{section.5}% 37
\BOOKMARK [2][-]{subsection.5.5}{\376\377\000A\000s\000p\000e\000t\000t\000i\000\040\000p\000o\000s\000i\000t\000i\000v\000i}{section.5}% 38
\BOOKMARK [2][-]{subsection.5.6}{\376\377\000C\000r\000i\000t\000i\000c\000i\000t\000\340\000\040\000e\000\040\000f\000a\000t\000t\000o\000r\000i\000\040\000d\000i\000\040\000r\000i\000s\000c\000h\000i\000o}{section.5}% 39
\BOOKMARK [2][-]{subsection.5.7}{\376\377\000C\000o\000n\000c\000l\000u\000s\000i\000o\000n\000i}{section.5}% 40
\BOOKMARK [1][-]{section.6}{\376\377\000C\000a\000p\000i\000t\000o\000l\000a\000t\000o\000\040\000C\0006\000\040\000-\000\040\000R\000G\000P\000:\000\040\000R\000e\000a\000l\000t\000i\000m\000e\000\040\000G\000a\000m\000i\000n\000g\000\040\000P\000l\000a\000t\000f\000o\000r\000m}{}% 41
\BOOKMARK [2][-]{subsection.6.1}{\376\377\000I\000n\000f\000o\000r\000m\000a\000z\000i\000o\000n\000i}{section.6}% 42
\BOOKMARK [2][-]{subsection.6.2}{\376\377\000D\000e\000s\000c\000r\000i\000z\000i\000o\000n\000e}{section.6}% 43
\BOOKMARK [2][-]{subsection.6.3}{\376\377\000F\000i\000n\000a\000l\000i\000t\000\340\000\040\000p\000r\000o\000g\000e\000t\000t\000o}{section.6}% 44
\BOOKMARK [2][-]{subsection.6.4}{\376\377\000T\000e\000c\000n\000o\000l\000o\000g\000i\000e\000\040\000i\000m\000p\000i\000e\000g\000a\000t\000e}{section.6}% 45
\BOOKMARK [2][-]{subsection.6.5}{\376\377\000A\000s\000p\000e\000t\000t\000i\000\040\000p\000o\000s\000i\000t\000i\000v\000i}{section.6}% 46
\BOOKMARK [2][-]{subsection.6.6}{\376\377\000C\000r\000i\000t\000i\000c\000i\000t\000\340\000\040\000e\000\040\000f\000a\000t\000t\000o\000r\000i\000\040\000d\000i\000\040\000r\000i\000s\000c\000h\000i\000o}{section.6}% 47
\BOOKMARK [2][-]{subsection.6.7}{\376\377\000C\000o\000n\000c\000l\000u\000s\000i\000o\000n\000i}{section.6}% 48
\BOOKMARK [1][-]{section.7}{\376\377\000C\000a\000p\000i\000t\000o\000l\000a\000t\000o\000\040\000C\0007\000\040\000-\000\040\000s\000o\000l\000u\000z\000i\000o\000n\000i\000\040\000d\000i\000\040\000s\000i\000n\000c\000r\000o\000n\000i\000z\000z\000a\000z\000i\000o\000n\000e\000\040\000d\000e\000s\000k\000t\000o\000p}{}% 49
